*** Using Compiler 'V5.06 update 6 (build 750)', folder: 'D:\017_Keil_MDK-ARM_V5.26\ARM\ARMCC\Bin'
Build target 'STM32_StandardLibrary'
compiling main.c...
compiling SPI.c...
..\User\SPI\SPI.c(67): warning:  #223-D: function "SPI_FLASH_WriteEnable" declared implicitly
      SPI_FLASH_WriteEnable();                            //å‘é€FLASHå†™ä½¿èƒ½å‘½ä»¤ï¼›
..\User\SPI\SPI.c(68): warning:  #223-D: function "SPI_FLASH_WaitForWriteEnd" declared implicitly
      SPI_FLASH_WaitForWriteEnd();
..\User\SPI\SPI.c(73): warning:  #223-D: function "SPI_FLASH_SendByte" declared implicitly
      SPI_FLASH_SendByte(W25X_SectorErase);               //å‘é€æ‰‡åŒºæ“¦é™¤æŒ‡ä»¤ï¼›
..\User\SPI\SPI.c(85): warning:  #223-D: function "SPI_FLASH_WriteEnable" declared implicitly
      SPI_FLASH_WriteEnable();                //å‘é€FLASHå†™ä½¿èƒ½å‘½ä»¤ï¼›
..\User\SPI\SPI.c(90): warning:  #223-D: function "SPI_FLASH_SendByte" declared implicitly
      SPI_FLASH_SendByte(W25X_ChipErase);     //å‘é€æ•´å—æ“¦é™¤æŒ‡ä»¤ï¼›
..\User\SPI\SPI.c(93): warning:  #223-D: function "SPI_FLASH_WaitForWriteEnd" declared implicitly
      SPI_FLASH_WaitForWriteEnd();            //ç­‰å¾…æ“¦é™¤å®Œæ¯•ï¼?
..\User\SPI\SPI.c(106): warning:  #223-D: function "SPI_FLASH_WriteEnable" declared implicitly
      SPI_FLASH_WriteEnable();                            //å‘é€? FLASH å†™ä½¿èƒ? å‘½ä»¤ï¼?
..\User\SPI\SPI.c(109): warning:  #223-D: function "SPI_FLASH_SendByte" declared implicitly
      SPI_FLASH_SendByte(W25X_PageProgram);               //å†™é¡µå†™æŒ‡ä»¤ï¼›
..\User\SPI\SPI.c(129): warning:  #223-D: function "SPI_FLASH_WaitForWriteEnd" declared implicitly
      SPI_FLASH_WaitForWriteEnd();                        //ç­‰å¾…å†™å…¥å®Œæ¯•ï¼?
..\User\SPI\SPI.c(228): warning:  #223-D: function "SPI_FLASH_SendByte" declared implicitly
    SPI_FLASH_SendByte(W25X_ReadData);
..\User\SPI\SPI.c(263): warning:  #223-D: function "SPI_FLASH_SendByte" declared implicitly
    SPI_FLASH_SendByte(W25X_JedecDeviceID);
..\User\SPI\SPI.c(295): warning:  #223-D: function "SPI_FLASH_SendByte" declared implicitly
    SPI_FLASH_SendByte(W25X_DeviceID);
..\User\SPI\SPI.c(326): warning:  #223-D: function "SPI_FLASH_SendByte" declared implicitly
    SPI_FLASH_SendByte(W25X_ReadData);
..\User\SPI\SPI.c(345): warning:  #223-D: function "SPI_FLASH_SendByte" declared implicitly
    return (SPI_FLASH_SendByte(Dummy_Byte));
..\User\SPI\SPI.c(353): error:  #159: declaration is incompatible with previous "SPI_FLASH_SendByte"  (declared at line 73)
  u8 SPI_FLASH_SendByte(u8 byte)
..\User\SPI\SPI.c(408): error:  #159: declaration is incompatible with previous "SPI_FLASH_WriteEnable"  (declared at line 67)
  void SPI_FLASH_WriteEnable(void)
..\User\SPI\SPI.c(428): error:  #159: declaration is incompatible with previous "SPI_FLASH_WaitForWriteEnd"  (declared at line 68)
  void SPI_FLASH_WaitForWriteEnd(void)
..\User\SPI\SPI.c: 14 warnings, 3 errors
"..\Output\STM32_StandardLibrary.axf" - 3 Error(s), 14 Warning(s).
Target not created.
